<?xml version="1.0" encoding="UTF-8"?>
<!-- Generated by org.testng.reporters.JUnitReportReporter -->
<testsuite hostname="DESKTOP-47GNOAC" failures="0" tests="3" name="testNg.Sampletest" time="0.015" errors="0" timestamp="2024-06-18T10:38:55 IST" skipped="1">
  <testcase classname="testNg.Sampletest" name="deleteProduct" time="0.002"/>
  <system-out/>
  <testcase classname="testNg.Sampletest" name="createProduct" time="0.013"/>
  <system-out/>
  <testcase classname="testNg.Sampletest" name="modifyProduct">
    <skipped/>
  </testcase> <!-- modifyProduct -->
  <system-out/>
</testsuite> <!-- testNg.Sampletest -->
