<?xml version="1.0" encoding="UTF-8"?>
<!-- Generated by org.testng.reporters.JUnitReportReporter -->
<testsuite hostname="DESKTOP-47GNOAC" failures="0" tests="3" name="testNg.sample2" time="0.028" errors="0" timestamp="2024-06-18T10:46:05 IST" skipped="0">
  <testcase classname="testNg.sample2" name="createProduct" time="0.015"/>
  <system-out/>
  <testcase classname="testNg.sample2" name="modifyProduct" time="0.007"/>
  <system-out/>
  <testcase classname="testNg.sample2" name="deleteProduct" time="0.006"/>
  <system-out/>
</testsuite> <!-- testNg.sample2 -->
