<?xml version="1.0" encoding="UTF-8"?>
<!-- Generated by org.testng.reporters.JUnitReportReporter -->
<testsuite hostname="DESKTOP-47GNOAC" failures="0" tests="4" name="testNg.sample1" time="0.076" errors="0" timestamp="2024-06-18T10:46:54 IST" skipped="0">
  <testcase classname="testNg.sample1" name="deleteProduct" time="0.004"/>
  <system-out/>
  <testcase classname="testNg.sample1" name="modifyProduct" time="0.004"/>
  <system-out/>
  <testcase classname="testNg.sample1" name="createProduct" time="0.005"/>
  <system-out/>
  <testcase classname="testNg.sample1" name="createProduct" time="0.063"/>
  <system-out/>
</testsuite> <!-- testNg.sample1 -->
